2026-02-10 12:35:14.185 [INFO] plugins\loader.js:18:12 "Executing scenario: Manage Favourite Business - Add from recent {"Field":"Business ID"}-_Add_from_recent"
2026-02-10 12:35:14.188 [INFO] plugins\loader.js:19:12 "Scenario tags: @favourites @batch4 @Favourites_Business_-_Add_from_recent @42162 @tz"
2026-02-10 12:37:16.725 [INFO] app\login.js:46:12 "Info title 1"
2026-02-10 12:40:00.898 [INFO] plugins\retry_helper.js:25:14 "
🧯 Marked for UIA2-crash rerun: Manage Favourite Business - Add from recent {"Field":"Business ID"} @Favourites_Business_-_Add_from_recent @42162 @tz with tag: Favourites_Business_-_Add_from_recent
"
2026-02-10 12:40:03.037 [INFO] plugins\loader.js:18:12 "Executing scenario: Manage Favourite Business - Remove"
2026-02-10 12:40:03.037 [INFO] plugins\loader.js:19:12 "Scenario tags: @favourites @batch4 @Manage_Favourites_Business_Remove @tz"
2026-02-10 12:40:53.369 [INFO] app\login.js:46:12 "Info title 1"
2026-02-10 12:43:15.845 [INFO] plugins\loader.js:18:12 "Executing scenario: Manage Favourite Business - Back-_Business_-_BackButton"
2026-02-10 12:43:15.846 [INFO] plugins\loader.js:19:12 "Scenario tags: @favourites @batch4 @Favourites_-_Business_-_BackButton @tz"
2026-02-10 12:44:03.500 [INFO] app\login.js:46:12 "Info title 1"
2026-02-10 12:46:24.925 [INFO] plugins\loader.js:18:12 "Executing scenario: Manage Favourite Business - No businesses-_Business_-_Empty"
2026-02-10 12:46:24.925 [INFO] plugins\loader.js:19:12 "Scenario tags: @favourites @batch4 @Favourites_-_Business_-_Empty @tz"
2026-02-10 12:47:13.182 [INFO] app\login.js:46:12 "Info title 1"
2026-02-10 12:49:23.848 [INFO] plugins\loader.js:18:12 "Executing scenario: Manage Favourite Business - No matches-_Business_-_Empty_after_remove"
2026-02-10 12:49:23.849 [INFO] plugins\loader.js:19:12 "Scenario tags: @favourites @batch4 @Favourites_-_Business_-_Empty_after_remove @tz"
2026-02-10 12:50:12.143 [INFO] app\login.js:46:12 "Info title 1"
2026-02-10 12:51:54.590 [INFO] plugins\loader.js:18:12 "Executing scenario: Favourite Business - Add unlisted to list-_Add_unlisted_to_list"
2026-02-10 12:51:54.591 [INFO] plugins\loader.js:19:12 "Scenario tags: @favourites @batch4 @Favourites_Business_-_Add_unlisted_to_list @tz"
2026-02-10 12:52:43.699 [INFO] app\login.js:46:12 "Info title 1"
2026-02-10 12:54:53.163 [INFO] plugins\loader.js:18:12 "Executing scenario: Favourite Business - Add from list-_Add_from_list"
2026-02-10 12:54:53.163 [INFO] plugins\loader.js:19:12 "Scenario tags: @favourites @batch4 @Favourite_Business_-_Add_from_list @tz"
2026-02-10 12:55:42.175 [INFO] app\login.js:46:12 "Info title 1"
2026-02-10 12:57:51.218 [INFO] plugins\loader.js:18:12 "Executing scenario: Favourites Contacts - Back Button"
2026-02-10 12:57:51.219 [INFO] plugins\loader.js:19:12 "Scenario tags: @favourites @batch4 @Favourites_contacts_back_button @tz @lso @7076"
2026-02-10 12:58:38.702 [INFO] app\login.js:46:12 "Info title 1"
2026-02-10 13:00:47.776 [INFO] plugins\loader.js:18:12 "Executing scenario: Manage Favourites Contacts - No favourites"
2026-02-10 13:00:47.777 [INFO] plugins\loader.js:19:12 "Scenario tags: @favourites @batch4 @Manage_favourites_contacts_no_favourites @tz @lso @7081"
2026-02-10 13:01:35.618 [INFO] app\login.js:46:12 "Info title 1"
2026-02-10 13:03:47.038 [INFO] plugins\loader.js:18:12 "Executing scenario: Airtime - Add favourite"
2026-02-10 13:03:47.039 [INFO] plugins\loader.js:19:12 "Scenario tags: @favourites @batch4 @Airtime_Add_favourite @tz @20211 @lso"
2026-02-10 13:04:34.678 [INFO] app\login.js:46:12 "Info title 1"
2026-02-10 13:06:55.671 [INFO] plugins\loader.js:18:12 "Executing scenario: Airtime - Remove favourite"
2026-02-10 13:06:55.672 [INFO] plugins\loader.js:19:12 "Scenario tags: @favourites @batch4 @Airtime_Remove_favourite @tz @20212 @lso"
2026-02-10 13:08:51.003 [INFO] plugins\loader.js:18:12 "Executing scenario: Send Money - Add favourite"
2026-02-10 13:08:51.004 [INFO] plugins\loader.js:19:12 "Scenario tags: @favourites @batch4 @PayPerson_Add_favourite_transaction @tz @mz @20213 @lso"
2026-02-10 13:09:39.861 [INFO] app\login.js:46:12 "Info title 0"
2026-02-10 13:10:41.679 [INFO] plugins\loader.js:18:12 "Executing scenario: Send Money - Remove favourite"
2026-02-10 13:10:41.680 [INFO] plugins\loader.js:19:12 "Scenario tags: @favourites @batch4 @PayPerson_Remove_favourite_transaction @tz @mz @20214 @lso"
2026-02-10 13:11:29.325 [INFO] app\login.js:46:12 "Info title 0"
2026-02-10 13:12:31.073 [INFO] plugins\loader.js:18:12 "Executing scenario: Settings - Favourites - Merchants - Empty Recents list"
2026-02-10 13:12:31.074 [INFO] plugins\loader.js:19:12 "Scenario tags: @favourites @batch4 @mz @tz @drc @45282 @45283"
2026-02-10 13:13:20.545 [INFO] app\login.js:46:12 "Info title 0"
2026-02-10 13:14:24.417 [INFO] plugins\loader.js:18:12 "Executing scenario: Settings - Merchants - Edit favourite {"Button":"Add merchant"}"
2026-02-10 13:14:24.417 [INFO] plugins\loader.js:19:12 "Scenario tags: @favourites @batch4 @Edit_favourite @45608 @45688 @backlog @tz @mz @drc"
2026-02-10 13:15:13.524 [INFO] app\login.js:46:12 "Info title 0"
2026-02-10 13:16:15.261 [INFO] plugins\loader.js:18:12 "Executing scenario: Favourites - Agents - Edit favourite (Close)"
2026-02-10 13:16:15.262 [INFO] plugins\loader.js:19:12 "Scenario tags: @favourites @batch4 @tz @45296 @45291 @45285 @lso @mz @drc"
2026-02-10 13:17:03.785 [INFO] app\login.js:46:12 "Info title 0"
2026-02-10 13:18:05.749 [INFO] plugins\loader.js:18:12 "Executing scenario: Favourites - Agents - Search"
2026-02-10 13:18:05.749 [INFO] plugins\loader.js:19:12 "Scenario tags: @favourites @batch4 @tz @45293 @lso @mz @drc"
2026-02-10 13:18:55.320 [INFO] app\login.js:46:12 "Info title 0"
2026-02-10 13:19:57.049 [INFO] plugins\loader.js:18:12 "Executing scenario: Favourites - Agents - Back"
2026-02-10 13:19:57.049 [INFO] plugins\loader.js:19:12 "Scenario tags: @favourites @batch4 @tz @45289 @45286 @lso @mz @drc"
2026-02-10 13:20:45.779 [INFO] app\login.js:46:12 "Info title 0"
2026-02-10 13:21:47.537 [INFO] plugins\loader.js:18:12 "Executing scenario: Favourites - Agents - Edit favourite"
2026-02-10 13:21:47.537 [INFO] plugins\loader.js:19:12 "Scenario tags: @favourites @batch4 @Agents_Edit_favourite @tz @45294 @lso @mz @drc"
2026-02-10 13:22:36.398 [INFO] app\login.js:46:12 "Info title 0"
2026-02-10 13:23:38.371 [INFO] plugins\loader.js:18:12 "Executing scenario: Settings - Favourites - Merchants - Add a Merchant"
2026-02-10 13:23:38.372 [INFO] plugins\loader.js:19:12 "Scenario tags: @favourites @batch4 @45279 @45138 @mz @backlog @tz @drc"
2026-02-10 13:24:31.216 [INFO] app\login.js:46:12 "Info title 0"
2026-02-10 13:26:52.252 [INFO] plugins\loader.js:18:12 "Executing scenario: Manage Favourite Business - Add from recent {"Field":"Business ID"}-_Add_from_recent"
2026-02-10 13:26:52.254 [INFO] plugins\loader.js:19:12 "Scenario tags: @favourites @batch4 @Favourites_Business_-_Add_from_recent @42162 @tz"
2026-02-10 13:27:42.831 [INFO] app\login.js:46:12 "Info title 1"
2026-02-10 13:49:06.507 [INFO] plugins\loader.js:18:12 "Executing scenario: Transaction receipt - Connection Error - Cancel button"
2026-02-10 13:49:06.514 [INFO] plugins\loader.js:19:12 "Scenario tags: @transReceipt @batch4 @drc @tz @PI24.2.1 @54970 @54968"
2026-02-10 13:49:58.721 [INFO] app\login.js:46:12 "Info title 1"
2026-02-10 13:52:17.130 [INFO] plugins\loader.js:18:12 "Executing scenario: Transaction receipt - Connection Error - X button"
2026-02-10 13:52:17.131 [INFO] plugins\loader.js:19:12 "Scenario tags: @transReceipt @batch4 @drc @tz @PI24.2.1 @54969"
2026-02-10 13:53:06.530 [INFO] app\login.js:46:12 "Info title 1"
2026-02-10 13:55:19.128 [INFO] plugins\loader.js:18:12 "Executing scenario: Transaction receipt - Request failed - Try again button"
2026-02-10 13:55:19.129 [INFO] plugins\loader.js:19:12 "Scenario tags: @transReceipt @batch4 @drc @tz @PI24.2.1 @54966 @54964 @54965"
2026-02-10 13:56:07.456 [INFO] app\login.js:46:12 "Info title 1"
2026-02-10 13:58:25.643 [INFO] plugins\loader.js:18:12 "Executing scenario: Transaction receipt - Transaction details screen - Return button"
2026-02-10 13:58:25.644 [INFO] plugins\loader.js:19:12 "Scenario tags: @transReceipt @batch4 @drc @tz @PI24.2.1 @54963 @54959 @54958 @54950"
2026-02-10 13:59:14.424 [INFO] app\login.js:46:12 "Info title 1"
2026-02-10 14:06:48.297 [INFO] plugins\loader.js:18:12 "Executing scenario: App Activation - Onboarding Language validation"
2026-02-10 14:06:48.299 [INFO] plugins\loader.js:19:12 "Scenario tags: @EnterThePin @batch4 @EnterThePinFirstTime @tz @lso @10350"
2026-02-10 14:07:57.354 [INFO] plugins\loader.js:18:12 "Executing scenario: App Activation - 4 digit PIN - Accepts Terms and Conditions - Status is Active"
2026-02-10 14:07:57.356 [INFO] plugins\loader.js:19:12 "Scenario tags: @EnterThePin @batch4 @App_activation_4_digit_pin_accepts_terms_and_conditions_status_is_active @tz @drc @7069 @7071 @7072 @7073 @7074 @7047 @lso"
2026-02-10 14:10:00.016 [INFO] plugins\loader.js:18:12 "Executing scenario: Deny permissions for SMS messages"
2026-02-10 14:10:00.021 [INFO] plugins\loader.js:19:12 "Scenario tags: @EnterThePin @batch4 @EnterThePinFirstTime1 @tz"
2026-02-10 14:11:15.639 [INFO] plugins\loader.js:18:12 "Executing scenario: Last Login"
2026-02-10 14:11:15.642 [INFO] plugins\loader.js:19:12 "Scenario tags: @login @batch4 @tz @mz @LastLogin @20265 @lso @drc"
2026-02-10 14:12:04.715 [INFO] app\login.js:46:12 "Info title 0"
2026-02-10 14:14:32.676 [INFO] plugins\loader.js:18:12 "Executing scenario: Manage Favourite Business - Add from recent {"Field":"Business ID"}-_Add_from_recent"
2026-02-10 14:14:32.676 [INFO] plugins\loader.js:19:12 "Scenario tags: @favourites @batch4 @Favourites_Business_-_Add_from_recent @42162 @tz"
2026-02-10 14:15:21.994 [INFO] app\login.js:46:12 "Info title 1"
2026-02-10 14:18:39.731 [INFO] plugins\loader.js:18:12 "Executing scenario: Manage Favourite Business - Remove"
2026-02-10 14:18:39.732 [INFO] plugins\loader.js:19:12 "Scenario tags: @favourites @batch4 @Manage_Favourites_Business_Remove @tz"
2026-02-10 14:19:29.306 [INFO] app\login.js:46:12 "Info title 1"
2026-02-10 14:21:47.046 [INFO] plugins\loader.js:18:12 "Executing scenario: Manage Favourite Business - Back-_Business_-_BackButton"
2026-02-10 14:21:47.047 [INFO] plugins\loader.js:19:12 "Scenario tags: @favourites @batch4 @Favourites_-_Business_-_BackButton @tz"
2026-02-10 14:22:36.461 [INFO] app\login.js:46:12 "Info title 1"
2026-02-10 14:25:04.626 [INFO] plugins\loader.js:18:12 "Executing scenario: Manage Favourite Business - No businesses-_Business_-_Empty"
2026-02-10 14:25:04.627 [INFO] plugins\loader.js:19:12 "Scenario tags: @favourites @batch4 @Favourites_-_Business_-_Empty @tz"
2026-02-10 14:25:54.614 [INFO] app\login.js:46:12 "Info title 1"
2026-02-10 14:28:10.299 [INFO] plugins\loader.js:18:12 "Executing scenario: Manage Favourite Business - No matches-_Business_-_Empty_after_remove"
2026-02-10 14:28:10.300 [INFO] plugins\loader.js:19:12 "Scenario tags: @favourites @batch4 @Favourites_-_Business_-_Empty_after_remove @tz"
2026-02-10 14:28:59.787 [INFO] app\login.js:46:12 "Info title 1"
2026-02-10 14:31:12.026 [INFO] plugins\loader.js:18:12 "Executing scenario: Favourite Business - Add unlisted to list-_Add_unlisted_to_list"
2026-02-10 14:31:12.026 [INFO] plugins\loader.js:19:12 "Scenario tags: @favourites @batch4 @Favourites_Business_-_Add_unlisted_to_list @tz"
2026-02-10 14:32:02.210 [INFO] app\login.js:46:12 "Info title 1"
2026-02-10 14:34:12.261 [INFO] plugins\loader.js:18:12 "Executing scenario: Favourite Business - Add from list-_Add_from_list"
2026-02-10 14:34:12.262 [INFO] plugins\loader.js:19:12 "Scenario tags: @favourites @batch4 @Favourite_Business_-_Add_from_list @tz"
2026-02-10 14:35:01.409 [INFO] app\login.js:46:12 "Info title 1"
2026-02-10 14:37:11.527 [INFO] plugins\loader.js:18:12 "Executing scenario: Favourites Contacts - Back Button"
2026-02-10 14:37:11.529 [INFO] plugins\loader.js:19:12 "Scenario tags: @favourites @batch4 @Favourites_contacts_back_button @tz @lso @7076"
2026-02-10 14:38:00.536 [INFO] app\login.js:46:12 "Info title 1"
2026-02-10 14:40:10.968 [INFO] plugins\loader.js:18:12 "Executing scenario: Manage Favourites Contacts - No favourites"
2026-02-10 14:40:10.968 [INFO] plugins\loader.js:19:12 "Scenario tags: @favourites @batch4 @Manage_favourites_contacts_no_favourites @tz @lso @7081"
2026-02-10 14:41:00.331 [INFO] app\login.js:46:12 "Info title 1"
2026-02-10 14:43:10.709 [INFO] plugins\loader.js:18:12 "Executing scenario: Airtime - Add favourite"
2026-02-10 14:43:10.709 [INFO] plugins\loader.js:19:12 "Scenario tags: @favourites @batch4 @Airtime_Add_favourite @tz @20211 @lso"
2026-02-10 14:43:59.789 [INFO] app\login.js:46:12 "Info title 1"
2026-02-10 14:46:26.004 [INFO] plugins\loader.js:18:12 "Executing scenario: Airtime - Remove favourite"
2026-02-10 14:46:26.005 [INFO] plugins\loader.js:19:12 "Scenario tags: @favourites @batch4 @Airtime_Remove_favourite @tz @20212 @lso"
2026-02-10 14:48:22.014 [INFO] plugins\loader.js:18:12 "Executing scenario: Send Money - Add favourite"
2026-02-10 14:48:22.014 [INFO] plugins\loader.js:19:12 "Scenario tags: @favourites @batch4 @PayPerson_Add_favourite_transaction @tz @mz @20213 @lso"
2026-02-10 14:49:12.080 [INFO] app\login.js:46:12 "Info title 0"
2026-02-10 14:50:13.942 [INFO] plugins\loader.js:18:12 "Executing scenario: Send Money - Remove favourite"
2026-02-10 14:50:13.943 [INFO] plugins\loader.js:19:12 "Scenario tags: @favourites @batch4 @PayPerson_Remove_favourite_transaction @tz @mz @20214 @lso"
2026-02-10 14:51:02.974 [INFO] app\login.js:46:12 "Info title 0"
2026-02-10 14:52:04.755 [INFO] plugins\loader.js:18:12 "Executing scenario: Settings - Favourites - Merchants - Empty Recents list"
2026-02-10 14:52:04.756 [INFO] plugins\loader.js:19:12 "Scenario tags: @favourites @batch4 @mz @tz @drc @45282 @45283"
2026-02-10 14:52:53.984 [INFO] app\login.js:46:12 "Info title 0"
2026-02-10 14:53:55.999 [INFO] plugins\loader.js:18:12 "Executing scenario: Settings - Merchants - Edit favourite {"Button":"Add merchant"}"
2026-02-10 14:53:56.000 [INFO] plugins\loader.js:19:12 "Scenario tags: @favourites @batch4 @Edit_favourite @45608 @45688 @backlog @tz @mz @drc"
2026-02-10 14:54:45.104 [INFO] app\login.js:46:12 "Info title 0"
2026-02-10 14:55:47.004 [INFO] plugins\loader.js:18:12 "Executing scenario: Favourites - Agents - Edit favourite (Close)"
2026-02-10 14:55:47.005 [INFO] plugins\loader.js:19:12 "Scenario tags: @favourites @batch4 @tz @45296 @45291 @45285 @lso @mz @drc"
2026-02-10 14:56:35.966 [INFO] app\login.js:46:12 "Info title 0"
2026-02-10 14:57:37.814 [INFO] plugins\loader.js:18:12 "Executing scenario: Favourites - Agents - Search"
2026-02-10 14:57:37.815 [INFO] plugins\loader.js:19:12 "Scenario tags: @favourites @batch4 @tz @45293 @lso @mz @drc"
2026-02-10 14:58:27.280 [INFO] app\login.js:46:12 "Info title 0"
2026-02-10 14:59:29.184 [INFO] plugins\loader.js:18:12 "Executing scenario: Favourites - Agents - Back"
2026-02-10 14:59:29.185 [INFO] plugins\loader.js:19:12 "Scenario tags: @favourites @batch4 @tz @45289 @45286 @lso @mz @drc"
2026-02-10 15:00:18.186 [INFO] app\login.js:46:12 "Info title 0"
2026-02-10 15:01:20.050 [INFO] plugins\loader.js:18:12 "Executing scenario: Favourites - Agents - Edit favourite"
2026-02-10 15:01:20.050 [INFO] plugins\loader.js:19:12 "Scenario tags: @favourites @batch4 @Agents_Edit_favourite @tz @45294 @lso @mz @drc"
2026-02-10 15:02:09.802 [INFO] app\login.js:46:12 "Info title 0"
2026-02-10 15:03:11.692 [INFO] plugins\loader.js:18:12 "Executing scenario: Settings - Favourites - Merchants - Add a Merchant"
2026-02-10 15:03:11.693 [INFO] plugins\loader.js:19:12 "Scenario tags: @favourites @batch4 @45279 @45138 @mz @backlog @tz @drc"
2026-02-10 15:04:00.895 [INFO] app\login.js:46:12 "Info title 0"
2026-02-12 11:35:21.946 [INFO] plugins\loader.js:18:12 "Executing scenario: ANT Services - Service with tags - Add new tag.1.3"
2026-02-12 11:35:21.953 [INFO] plugins\loader.js:19:12 "Scenario tags: @batch6 @BackOfficeTC @mz @49606 @49603 @PI24.1.3 @tz @regression1"
2026-02-12 11:37:46.560 [INFO] plugins\loader.js:18:12 "Executing scenario: ANT Services - Service with tags - Add new tag.1.3"
2026-02-12 11:37:46.568 [INFO] plugins\loader.js:19:12 "Scenario tags: @batch6 @BackOfficeTC @mz @49606 @49603 @PI24.1.3 @tz @regression1"
